Thu 07 Sep 2023 04:10:47 PM UTC: 
 tests:  0|6
total_score: 0/70
0ceb94c
Thu 07 Sep 2023 04:48:39 PM UTC: 
 hashmap.c | 5 ++++-
 1 file changed, 4 insertions(+), 1 deletion(-)
 tests:  0|0
fedaecf
Thu 07 Sep 2023 06:56:59 PM UTC: 
 hashmap.c | 6 +++++-
 1 file changed, 5 insertions(+), 1 deletion(-)
In file included from test.c:4:
hashmap.c: In function ‘createMap’:
hashmap.c:60:13: error: ‘return’ with no value, in function returning non-void [-Werror=return-type]
   60 |             return;
      |             ^~~~~~
hashmap.c:54:11: note: declared here
   54 | HashMap * createMap(long capacity) {
      |           ^~~~~~~~~
cc1: all warnings being treated as errors
Compilation failed
ff276db
Thu 07 Sep 2023 06:57:08 PM UTC: 
 hashmap.c | 2 +-
 1 file changed, 1 insertion(+), 1 deletion(-)
 tests:  0|6
total_score: 0/70
f1547b1
Thu 07 Sep 2023 06:57:51 PM UTC: 
 hashmap.c | 2 +-
 1 file changed, 1 insertion(+), 1 deletion(-)
 tests:  0|6
total_score: 0/70
f35c828
Thu 07 Sep 2023 06:59:21 PM UTC: 
 hashmap.c | 2 ++
 1 file changed, 2 insertions(+)
 tests:  0|6
total_score: 0/70
7643378
Thu 07 Sep 2023 07:00:01 PM UTC: 
 hashmap.c | 2 ++
 1 file changed, 2 insertions(+)
 tests:  0|6
total_score: 0/70
dac225b
Thu 07 Sep 2023 07:00:31 PM UTC: 
 hashmap.c | 3 ++-
 1 file changed, 2 insertions(+), 1 deletion(-)
 tests:  1|5
total_score: 10/70
37a8e84
Thu 07 Sep 2023 07:06:40 PM UTC: 
 hashmap.c | 2 +-
 1 file changed, 1 insertion(+), 1 deletion(-)
 tests:  1|5
total_score: 10/70
860b48e
Thu 07 Sep 2023 07:29:34 PM UTC: 
 hashmap.c | 16 +++++++++++++++-
 1 file changed, 15 insertions(+), 1 deletion(-)
 tests:  1|5
total_score: 10/70
8615513
Thu 07 Sep 2023 07:34:43 PM UTC: 
 hashmap.c | 3 ++-
 1 file changed, 2 insertions(+), 1 deletion(-)
 tests:  0|0
bb7a4e7
Thu 07 Sep 2023 07:35:12 PM UTC: 
 hashmap.c | 2 +-
 1 file changed, 1 insertion(+), 1 deletion(-)
 tests:  1|5
total_score: 10/70
d7afd1a
Thu 07 Sep 2023 07:37:29 PM UTC: 
 hashmap.c | 1 +
 1 file changed, 1 insertion(+)
 tests:  2|5
total_score: 20/70
c415f9f
Thu 07 Sep 2023 07:37:53 PM UTC: 
 hashmap.c | 2 +-
 1 file changed, 1 insertion(+), 1 deletion(-)
 tests:  2|5
total_score: 20/70
ffb38b4
Thu 07 Sep 2023 07:42:49 PM UTC: 
 hashmap.c | 5 ++++-
 1 file changed, 4 insertions(+), 1 deletion(-)
 tests:  2|5
total_score: 20/70
6d1b4d4
Thu 07 Sep 2023 07:43:18 PM UTC: 
 hashmap.c | 2 +-
 1 file changed, 1 insertion(+), 1 deletion(-)
 tests:  1|5
total_score: 10/70
33e08a7
Thu 07 Sep 2023 07:43:31 PM UTC: 
 hashmap.c | 2 +-
 1 file changed, 1 insertion(+), 1 deletion(-)
 tests:  2|5
total_score: 20/70
7b42ad9
Thu 07 Sep 2023 07:44:32 PM UTC: 
 hashmap.c | 4 +---
 1 file changed, 1 insertion(+), 3 deletions(-)
 tests:  1|5
total_score: 10/70
cb31f6a
Thu 07 Sep 2023 07:44:38 PM UTC: 
 hashmap.c | 2 +-
 1 file changed, 1 insertion(+), 1 deletion(-)
 tests:  2|5
total_score: 20/70
e8ebacf
Thu 07 Sep 2023 07:53:17 PM UTC: 
 hashmap.c | 8 ++++++++
 1 file changed, 8 insertions(+)
In file included from test.c:4:
hashmap.c: In function ‘insertMap’:
hashmap.c:58:45: error: expected ‘)’ before ‘{’ token
   58 |         while(map->buckets[posicion] != NULL{
      |              ~                              ^
hashmap.c:68:5: error: expected expression before ‘}’ token
   68 |     }
      |     ^
Compilation failed
7995f0c
Thu 07 Sep 2023 07:53:32 PM UTC: 
 hashmap.c | 2 +-
 1 file changed, 1 insertion(+), 1 deletion(-)
 tests:  1|5
total_score: 10/70
80f1ea8
Thu 07 Sep 2023 07:54:36 PM UTC: 
 hashmap.c | 4 ----
 1 file changed, 4 deletions(-)
 tests:  2|5
total_score: 20/70
6d62f4b
Thu 07 Sep 2023 09:56:03 PM UTC: 
 hashmap.c | 27 +++++++++++++++++++++++++++
 1 file changed, 27 insertions(+)
In file included from test.c:4:
hashmap.c: In function ‘insertMap’:
hashmap.c:75:30: error: ‘Pair’ has no member named ‘next’
   75 |             current = current->next;
      |                              ^~
hashmap.c:87:13: error: ‘Pair’ has no member named ‘next’
   87 |         prev->next = nuevoPair;
      |             ^~
Compilation failed
fb56a91
Thu 07 Sep 2023 09:57:29 PM UTC: 
 hashmap.c | 37 ++++++++++++++++++-------------------
 1 file changed, 18 insertions(+), 19 deletions(-)
test.c: In function ‘insertMap’:
test.c:453:5: error: ‘main’ is normally a non-static function [-Werror=main]
  453 | int main( int argc, char *argv[] ) {
      |     ^~~~
test.c:511:1: error: expected declaration or statement at end of input
  511 | }
      | ^
At top level:
test.c:453:5: error: ‘main’ defined but not used [-Werror=unused-function]
  453 | int main( int argc, char *argv[] ) {
      |     ^~~~
test.c:217:5: error: ‘insert_test5’ defined but not used [-Werror=unused-function]
  217 | int insert_test5(){ //factor de carga>0.7, se llama a función enlarge
      |     ^~~~~~~~~~~~
test.c:131:6: error: ‘compare_test’ defined but not used [-Werror=unused-function]
  131 | void compare_test(){
      |      ^~~~~~~~~~~~
test.c:125:6: error: ‘hash_test3’ defined but not used [-Werror=unused-function]
  125 | void hash_test3(){ //no random
      |      ^~~~~~~~~~
test.c:111:6: error: ‘hash_test2’ defined but not used [-Werror=unused-function]
  111 | void hash_test2(){ // colisiones
      |      ^~~~~~~~~~
test.c:100:6: error: ‘hash_test1’ defined but not used [-Werror=unused-function]
  100 | void hash_test1(){ // posición válida
      |      ^~~~~~~~~~
cc1: all warnings being treated as errors
Compilation failed
c9b17d6
Thu 07 Sep 2023 09:57:55 PM UTC: 
 hashmap.c | 7 -------
 1 file changed, 7 deletions(-)
test.c: In function ‘insertMap’:
test.c:453:5: error: ‘main’ is normally a non-static function [-Werror=main]
  453 | int main( int argc, char *argv[] ) {
      |     ^~~~
test.c:511:1: error: expected declaration or statement at end of input
  511 | }
      | ^
At top level:
test.c:453:5: error: ‘main’ defined but not used [-Werror=unused-function]
  453 | int main( int argc, char *argv[] ) {
      |     ^~~~
test.c:217:5: error: ‘insert_test5’ defined but not used [-Werror=unused-function]
  217 | int insert_test5(){ //factor de carga>0.7, se llama a función enlarge
      |     ^~~~~~~~~~~~
test.c:131:6: error: ‘compare_test’ defined but not used [-Werror=unused-function]
  131 | void compare_test(){
      |      ^~~~~~~~~~~~
test.c:125:6: error: ‘hash_test3’ defined but not used [-Werror=unused-function]
  125 | void hash_test3(){ //no random
      |      ^~~~~~~~~~
test.c:111:6: error: ‘hash_test2’ defined but not used [-Werror=unused-function]
  111 | void hash_test2(){ // colisiones
      |      ^~~~~~~~~~
test.c:100:6: error: ‘hash_test1’ defined but not used [-Werror=unused-function]
  100 | void hash_test1(){ // posición válida
      |      ^~~~~~~~~~
cc1: all warnings being treated as errors
Compilation failed
3887efd
Thu 07 Sep 2023 09:58:27 PM UTC: 
 hashmap.c | 19 -------------------
 1 file changed, 19 deletions(-)
 tests:  2|5
total_score: 20/70
9d14c8f
Fri 08 Sep 2023 10:51:30 PM UTC: 
 hashmap.c | 37 ++++++++++++++++++++++++++++++-------
 1 file changed, 30 insertions(+), 7 deletions(-)
In file included from test.c:4:
hashmap.c: In function ‘insertMap’:
hashmap.c:71:30: error: ‘Pair’ has no member named ‘next’
   71 |             current = current->next;
      |                              ^~
hashmap.c:83:13: error: ‘Pair’ has no member named ‘next’
   83 |         prev->next = nuevoPair;
      |             ^~
Compilation failed
590f538
Fri 08 Sep 2023 10:56:15 PM UTC: 
 hashmap.c | 52 +++++++++++++++++++++++++++++-----------------------
 1 file changed, 29 insertions(+), 23 deletions(-)
 tests:  5|4
total_score: 30/70
2b85a9f
Fri 08 Sep 2023 10:56:37 PM UTC: 
 hashmap.c | 9 ---------
 1 file changed, 9 deletions(-)
 tests:  5|4
total_score: 30/70
4d07fe0
Fri 08 Sep 2023 10:56:53 PM UTC: 
 hashmap.c | 1 -
 1 file changed, 1 deletion(-)
 tests:  5|4
total_score: 30/70
0dfba35
Fri 08 Sep 2023 10:57:32 PM UTC: 
 hashmap.c | 3 ---
 1 file changed, 3 deletions(-)
 tests:  5|4
total_score: 30/70
e6b649b
Fri 08 Sep 2023 11:10:00 PM UTC: 
 hashmap.c | 1 +
 1 file changed, 1 insertion(+)
In file included from test.c:4:
hashmap.c: In function ‘enlarge’:
hashmap.c:86:1: error: expected identifier or ‘(’ before ‘}’ token
   86 | }
      | ^
test.c:453:5: error: ‘main’ is normally a non-static function [-Werror=main]
  453 | int main( int argc, char *argv[] ) {
      |     ^~~~
test.c:511:1: error: expected declaration or statement at end of input
  511 | }
      | ^
At top level:
test.c:453:5: error: ‘main’ defined but not used [-Werror=unused-function]
  453 | int main( int argc, char *argv[] ) {
      |     ^~~~
test.c:217:5: error: ‘insert_test5’ defined but not used [-Werror=unused-function]
  217 | int insert_test5(){ //factor de carga>0.7, se llama a función enlarge
      |     ^~~~~~~~~~~~
test.c:131:6: error: ‘compare_test’ defined but not used [-Werror=unused-function]
  131 | void compare_test(){
      |      ^~~~~~~~~~~~
test.c:125:6: error: ‘hash_test3’ defined but not used [-Werror=unused-function]
  125 | void hash_test3(){ //no random
      |      ^~~~~~~~~~
test.c:111:6: error: ‘hash_test2’ defined but not used [-Werror=unused-function]
  111 | void hash_test2(){ // colisiones
      |      ^~~~~~~~~~
test.c:100:6: error: ‘hash_test1’ defined but not used [-Werror=unused-function]
  100 | void hash_test1(){ // posición válida
      |      ^~~~~~~~~~
cc1: all warnings being treated as errors
Compilation failed
b3b6d51
Fri 08 Sep 2023 11:13:30 PM UTC: 
 hashmap.c | 2 +-
 1 file changed, 1 insertion(+), 1 deletion(-)
In file included from test.c:4:
hashmap.c: In function ‘enlarge’:
hashmap.c:86:1: error: expected ‘=’, ‘,’, ‘;’, ‘asm’ or ‘__attribute__’ before ‘}’ token
   86 | }
      | ^
Compilation failed
562e8cf
Fri 08 Sep 2023 11:15:09 PM UTC: 
 hashmap.c | 40 +++++++++++++++++++++++++++++++++++++++-
 1 file changed, 39 insertions(+), 1 deletion(-)
 tests:  5|4
total_score: 30/70
0057efa
Fri 08 Sep 2023 11:19:35 PM UTC: 
 hashmap.c | 32 +++++++++++++-------------------
 1 file changed, 13 insertions(+), 19 deletions(-)
 tests:  5|4
total_score: 30/70
650633f
Fri 08 Sep 2023 11:20:02 PM UTC: 
 hashmap.c | 4 +---
 1 file changed, 1 insertion(+), 3 deletions(-)
 tests:  5|4
total_score: 30/70
84247ad
Fri 08 Sep 2023 11:56:41 PM UTC: 
 hashmap.c | 7 +++++++
 1 file changed, 7 insertions(+)
 tests:  5|4
total_score: 30/70
612bd96
Fri 08 Sep 2023 11:57:47 PM UTC: 
 hashmap.c | 2 +-
 1 file changed, 1 insertion(+), 1 deletion(-)
 tests:  6|4
total_score: 30/70
37f6fcf
Sat 09 Sep 2023 12:02:21 AM UTC: 
 hashmap.c | 10 ++++++++++
 1 file changed, 10 insertions(+)
 tests:  6|4
total_score: 30/70
a758b25
Sat 09 Sep 2023 12:03:07 AM UTC: 
 hashmap.c | 1 +
 1 file changed, 1 insertion(+)
 tests:  6|4
total_score: 30/70
0466c2a
Sat 09 Sep 2023 12:04:13 AM UTC: 
 hashmap.c | 15 ++++++++++-----
 1 file changed, 10 insertions(+), 5 deletions(-)
 tests:  6|4
total_score: 30/70
3ed34ab
Sat 09 Sep 2023 12:05:01 AM UTC: 
 hashmap.c | 5 ++---
 1 file changed, 2 insertions(+), 3 deletions(-)
 tests:  6|4
total_score: 30/70
337ce3c
Sat 09 Sep 2023 12:05:53 AM UTC: 
 hashmap.c | 5 +++--
 1 file changed, 3 insertions(+), 2 deletions(-)
 tests:  6|4
total_score: 30/70
0dc0d88
Sat 09 Sep 2023 12:06:02 AM UTC: 
 hashmap.c | 1 -
 1 file changed, 1 deletion(-)
In file included from test.c:4:
hashmap.c: In function ‘searchMap’:
hashmap.c:169:1: error: control reaches end of non-void function [-Werror=return-type]
  169 | }
      | ^
cc1: all warnings being treated as errors
Compilation failed
aa69b55
Sat 09 Sep 2023 12:06:24 AM UTC: 
 hashmap.c | 1 +
 1 file changed, 1 insertion(+)
In file included from test.c:4:
hashmap.c: In function ‘searchMap’:
hashmap.c:169:5: error: ‘return’ with no value, in function returning non-void [-Werror=return-type]
  169 |     return;
      |     ^~~~~~
hashmap.c:143:8: note: declared here
  143 | Pair * searchMap(HashMap * map,  char * key) {
      |        ^~~~~~~~~
cc1: all warnings being treated as errors
Compilation failed
3b70011
Sat 09 Sep 2023 12:07:16 AM UTC: 
 hashmap.c | 2 +-
 1 file changed, 1 insertion(+), 1 deletion(-)
 tests:  6|4
total_score: 30/70
26d9dea
Sat 09 Sep 2023 12:07:57 AM UTC: 
 hashmap.c | 3 +++
 1 file changed, 3 insertions(+)
 tests:  6|4
total_score: 30/70
918e07c
Sat 09 Sep 2023 12:10:44 AM UTC: 
 hashmap.c | 22 +++++++++-------------
 1 file changed, 9 insertions(+), 13 deletions(-)
 tests:  6|4
total_score: 30/70
9d37f0b
